{"level":"info","message":"Server running on port 5000","service":"haxball-tournament","timestamp":"2025-08-22 15:03:12"}
{"level":"info","message":"Initializing Haxball room...","service":"haxball-tournament","timestamp":"2025-08-22 15:03:12"}
{"level":"info","message":"Creating new Haxball room...","service":"haxball-tournament","timestamp":"2025-08-22 15:03:12"}
{"level":"info","message":"Initializing Puppeteer browser...","service":"haxball-tournament","timestamp":"2025-08-22 15:03:12"}
{"level":"error","message":"Failed to initialize browser: Failed to launch the browser process!\n/home/runner/.cache/puppeteer/chrome/linux-139.0.7258.138/chrome-linux64/chrome: error while loading shared libraries: libglib-2.0.so.0: cannot open shared object file: No such file or directory\n\n\nTROUBLESHOOTING: https://pptr.dev/troubleshooting\n","service":"haxball-tournament","stack":"Error: Failed to launch the browser process!\n/home/runner/.cache/puppeteer/chrome/linux-139.0.7258.138/chrome-linux64/chrome: error while loading shared libraries: libglib-2.0.so.0: cannot open shared object file: No such file or directory\n\n\nTROUBLESHOOTING: https://pptr.dev/troubleshooting\n\n    at Interface.onClose (/home/runner/workspace/node_modules/@puppeteer/browsers/lib/cjs/launch.js:325:24)\n    at Interface.emit (node:events:536:35)\n    at Interface.close (node:internal/readline/interface:527:10)\n    at Socket.onend (node:internal/readline/interface:253:10)\n    at Socket.emit (node:events:536:35)\n    at endReadableNT (node:internal/streams/readable:1698:12)\n    at process.processTicksAndRejections (node:internal/process/task_queues:82:21)","timestamp":"2025-08-22 15:03:12"}
{"level":"error","message":"Failed to create Haxball room: Failed to launch the browser process!\n/home/runner/.cache/puppeteer/chrome/linux-139.0.7258.138/chrome-linux64/chrome: error while loading shared libraries: libglib-2.0.so.0: cannot open shared object file: No such file or directory\n\n\nTROUBLESHOOTING: https://pptr.dev/troubleshooting\n","service":"haxball-tournament","stack":"Error: Failed to launch the browser process!\n/home/runner/.cache/puppeteer/chrome/linux-139.0.7258.138/chrome-linux64/chrome: error while loading shared libraries: libglib-2.0.so.0: cannot open shared object file: No such file or directory\n\n\nTROUBLESHOOTING: https://pptr.dev/troubleshooting\n\n    at Interface.onClose (/home/runner/workspace/node_modules/@puppeteer/browsers/lib/cjs/launch.js:325:24)\n    at Interface.emit (node:events:536:35)\n    at Interface.close (node:internal/readline/interface:527:10)\n    at Socket.onend (node:internal/readline/interface:253:10)\n    at Socket.emit (node:events:536:35)\n    at endReadableNT (node:internal/streams/readable:1698:12)\n    at process.processTicksAndRejections (node:internal/process/task_queues:82:21)","timestamp":"2025-08-22 15:03:12"}
{"level":"error","message":"Failed to initialize Haxball room: Failed to launch the browser process!\n/home/runner/.cache/puppeteer/chrome/linux-139.0.7258.138/chrome-linux64/chrome: error while loading shared libraries: libglib-2.0.so.0: cannot open shared object file: No such file or directory\n\n\nTROUBLESHOOTING: https://pptr.dev/troubleshooting\n","service":"haxball-tournament","stack":"Error: Failed to launch the browser process!\n/home/runner/.cache/puppeteer/chrome/linux-139.0.7258.138/chrome-linux64/chrome: error while loading shared libraries: libglib-2.0.so.0: cannot open shared object file: No such file or directory\n\n\nTROUBLESHOOTING: https://pptr.dev/troubleshooting\n\n    at Interface.onClose (/home/runner/workspace/node_modules/@puppeteer/browsers/lib/cjs/launch.js:325:24)\n    at Interface.emit (node:events:536:35)\n    at Interface.close (node:internal/readline/interface:527:10)\n    at Socket.onend (node:internal/readline/interface:253:10)\n    at Socket.emit (node:events:536:35)\n    at endReadableNT (node:internal/streams/readable:1698:12)\n    at process.processTicksAndRejections (node:internal/process/task_queues:82:21)","timestamp":"2025-08-22 15:03:12"}
{"level":"info","message":"Creating new Haxball room...","service":"haxball-tournament","timestamp":"2025-08-22 15:03:42"}
{"level":"info","message":"Initializing Puppeteer browser...","service":"haxball-tournament","timestamp":"2025-08-22 15:03:42"}
{"level":"error","message":"Failed to initialize browser: Failed to launch the browser process!\n/home/runner/.cache/puppeteer/chrome/linux-139.0.7258.138/chrome-linux64/chrome: error while loading shared libraries: libglib-2.0.so.0: cannot open shared object file: No such file or directory\n\n\nTROUBLESHOOTING: https://pptr.dev/troubleshooting\n","service":"haxball-tournament","stack":"Error: Failed to launch the browser process!\n/home/runner/.cache/puppeteer/chrome/linux-139.0.7258.138/chrome-linux64/chrome: error while loading shared libraries: libglib-2.0.so.0: cannot open shared object file: No such file or directory\n\n\nTROUBLESHOOTING: https://pptr.dev/troubleshooting\n\n    at Interface.onClose (/home/runner/workspace/node_modules/@puppeteer/browsers/lib/cjs/launch.js:325:24)\n    at Interface.emit (node:events:536:35)\n    at Interface.close (node:internal/readline/interface:527:10)\n    at Socket.onend (node:internal/readline/interface:253:10)\n    at Socket.emit (node:events:536:35)\n    at endReadableNT (node:internal/streams/readable:1698:12)\n    at process.processTicksAndRejections (node:internal/process/task_queues:82:21)","timestamp":"2025-08-22 15:03:42"}
{"level":"error","message":"Failed to create Haxball room: Failed to launch the browser process!\n/home/runner/.cache/puppeteer/chrome/linux-139.0.7258.138/chrome-linux64/chrome: error while loading shared libraries: libglib-2.0.so.0: cannot open shared object file: No such file or directory\n\n\nTROUBLESHOOTING: https://pptr.dev/troubleshooting\n","service":"haxball-tournament","stack":"Error: Failed to launch the browser process!\n/home/runner/.cache/puppeteer/chrome/linux-139.0.7258.138/chrome-linux64/chrome: error while loading shared libraries: libglib-2.0.so.0: cannot open shared object file: No such file or directory\n\n\nTROUBLESHOOTING: https://pptr.dev/troubleshooting\n\n    at Interface.onClose (/home/runner/workspace/node_modules/@puppeteer/browsers/lib/cjs/launch.js:325:24)\n    at Interface.emit (node:events:536:35)\n    at Interface.close (node:internal/readline/interface:527:10)\n    at Socket.onend (node:internal/readline/interface:253:10)\n    at Socket.emit (node:events:536:35)\n    at endReadableNT (node:internal/streams/readable:1698:12)\n    at process.processTicksAndRejections (node:internal/process/task_queues:82:21)","timestamp":"2025-08-22 15:03:42"}
{"level":"error","message":"Retry failed: Failed to launch the browser process!\n/home/runner/.cache/puppeteer/chrome/linux-139.0.7258.138/chrome-linux64/chrome: error while loading shared libraries: libglib-2.0.so.0: cannot open shared object file: No such file or directory\n\n\nTROUBLESHOOTING: https://pptr.dev/troubleshooting\n","service":"haxball-tournament","stack":"Error: Failed to launch the browser process!\n/home/runner/.cache/puppeteer/chrome/linux-139.0.7258.138/chrome-linux64/chrome: error while loading shared libraries: libglib-2.0.so.0: cannot open shared object file: No such file or directory\n\n\nTROUBLESHOOTING: https://pptr.dev/troubleshooting\n\n    at Interface.onClose (/home/runner/workspace/node_modules/@puppeteer/browsers/lib/cjs/launch.js:325:24)\n    at Interface.emit (node:events:536:35)\n    at Interface.close (node:internal/readline/interface:527:10)\n    at Socket.onend (node:internal/readline/interface:253:10)\n    at Socket.emit (node:events:536:35)\n    at endReadableNT (node:internal/streams/readable:1698:12)\n    at process.processTicksAndRejections (node:internal/process/task_queues:82:21)","timestamp":"2025-08-22 15:03:42"}
{"level":"info","message":"Server running on port 5000","service":"haxball-tournament","timestamp":"2025-08-22 15:04:06"}
{"level":"info","message":"Initializing Haxball room...","service":"haxball-tournament","timestamp":"2025-08-22 15:04:06"}
{"level":"info","message":"Creating new Haxball room...","service":"haxball-tournament","timestamp":"2025-08-22 15:04:06"}
{"level":"info","message":"Initializing Puppeteer browser...","service":"haxball-tournament","timestamp":"2025-08-22 15:04:06"}
{"level":"info","message":"Browser initialized successfully","service":"haxball-tournament","timestamp":"2025-08-22 15:04:16"}
{"level":"info","message":"Navigated to Haxball headless page","service":"haxball-tournament","timestamp":"2025-08-22 15:04:20"}
{"level":"error","message":"Failed to create Haxball room: page.waitForTimeout is not a function","service":"haxball-tournament","stack":"TypeError: page.waitForTimeout is not a function\n    at createHaxballRoom (/home/runner/workspace/server.js:125:20)\n    at async Server.<anonymous> (/home/runner/workspace/server.js:308:9)","timestamp":"2025-08-22 15:04:20"}
{"level":"error","message":"Failed to initialize Haxball room: page.waitForTimeout is not a function","service":"haxball-tournament","stack":"TypeError: page.waitForTimeout is not a function\n    at createHaxballRoom (/home/runner/workspace/server.js:125:20)\n    at async Server.<anonymous> (/home/runner/workspace/server.js:308:9)","timestamp":"2025-08-22 15:04:20"}
{"level":"info","message":"Creating new Haxball room...","service":"haxball-tournament","timestamp":"2025-08-22 15:04:50"}
{"level":"info","message":"Navigated to Haxball headless page","service":"haxball-tournament","timestamp":"2025-08-22 15:04:53"}
{"level":"error","message":"Failed to create Haxball room: page.waitForTimeout is not a function","service":"haxball-tournament","stack":"TypeError: page.waitForTimeout is not a function\n    at createHaxballRoom (/home/runner/workspace/server.js:125:20)\n    at async Timeout._onTimeout (/home/runner/workspace/server.js:315:17)","timestamp":"2025-08-22 15:04:53"}
{"level":"error","message":"Retry failed: page.waitForTimeout is not a function","service":"haxball-tournament","stack":"TypeError: page.waitForTimeout is not a function\n    at createHaxballRoom (/home/runner/workspace/server.js:125:20)\n    at async Timeout._onTimeout (/home/runner/workspace/server.js:315:17)","timestamp":"2025-08-22 15:04:53"}
{"level":"info","message":"Server running on port 5000","service":"haxball-tournament","timestamp":"2025-08-22 15:05:55"}
{"level":"info","message":"Initializing Haxball room...","service":"haxball-tournament","timestamp":"2025-08-22 15:05:55"}
{"level":"info","message":"Creating new Haxball room...","service":"haxball-tournament","timestamp":"2025-08-22 15:05:55"}
{"level":"info","message":"Initializing Puppeteer browser...","service":"haxball-tournament","timestamp":"2025-08-22 15:05:55"}
{"level":"info","message":"Browser initialized successfully","service":"haxball-tournament","timestamp":"2025-08-22 15:05:56"}
{"level":"info","message":"Navigated to Haxball headless page","service":"haxball-tournament","timestamp":"2025-08-22 15:05:58"}
{"level":"info","message":"Tournament script injected successfully","service":"haxball-tournament","timestamp":"2025-08-22 15:06:01"}
{"level":"info","message":"Heartbeat monitoring setup complete","service":"haxball-tournament","timestamp":"2025-08-22 15:06:01"}
{"level":"info","message":"Haxball room created and monitoring started","service":"haxball-tournament","timestamp":"2025-08-22 15:06:01"}
{"level":"info","message":"Haxball room initialization complete","service":"haxball-tournament","timestamp":"2025-08-22 15:06:01"}
{"level":"info","message":"Keepalive ping - Room status:","service":"haxball-tournament","timestamp":"2025-08-22 15:10:55"}
{"level":"info","message":"Keepalive ping - Room status:","service":"haxball-tournament","timestamp":"2025-08-22 15:15:55"}
{"level":"info","message":"Server running on port 5000","service":"haxball-tournament","timestamp":"2025-08-22 15:18:41"}
{"level":"info","message":"Initializing Haxball room...","service":"haxball-tournament","timestamp":"2025-08-22 15:18:41"}
{"level":"info","message":"Creating new Haxball room...","service":"haxball-tournament","timestamp":"2025-08-22 15:18:41"}
{"level":"info","message":"Initializing Puppeteer browser...","service":"haxball-tournament","timestamp":"2025-08-22 15:18:41"}
{"level":"info","message":"Browser initialized successfully","service":"haxball-tournament","timestamp":"2025-08-22 15:18:41"}
{"level":"info","message":"Navigated to Haxball headless page","service":"haxball-tournament","timestamp":"2025-08-22 15:18:44"}
{"level":"info","message":"Tournament script injected successfully","service":"haxball-tournament","timestamp":"2025-08-22 15:18:47"}
{"level":"info","message":"Heartbeat monitoring setup complete","service":"haxball-tournament","timestamp":"2025-08-22 15:18:47"}
{"level":"info","message":"Haxball room created and monitoring started","service":"haxball-tournament","timestamp":"2025-08-22 15:18:47"}
{"level":"info","message":"Haxball room initialization complete","service":"haxball-tournament","timestamp":"2025-08-22 15:18:47"}
{"level":"info","message":"Server running on port 5000","service":"haxball-tournament","timestamp":"2025-08-22 15:20:15"}
{"level":"info","message":"Initializing Haxball room...","service":"haxball-tournament","timestamp":"2025-08-22 15:20:15"}
{"level":"info","message":"Creating new Haxball room...","service":"haxball-tournament","timestamp":"2025-08-22 15:20:15"}
{"level":"info","message":"Initializing Puppeteer browser...","service":"haxball-tournament","timestamp":"2025-08-22 15:20:15"}
{"level":"info","message":"Browser initialized successfully","service":"haxball-tournament","timestamp":"2025-08-22 15:20:15"}
{"level":"info","message":"Navigated to Haxball headless page","service":"haxball-tournament","timestamp":"2025-08-22 15:20:18"}
{"level":"info","message":"Tournament script injected successfully","service":"haxball-tournament","timestamp":"2025-08-22 15:20:21"}
{"level":"info","message":"Heartbeat monitoring setup complete","service":"haxball-tournament","timestamp":"2025-08-22 15:20:21"}
{"level":"info","message":"Haxball room created and monitoring started","service":"haxball-tournament","timestamp":"2025-08-22 15:20:21"}
{"level":"info","message":"Haxball room initialization complete","service":"haxball-tournament","timestamp":"2025-08-22 15:20:21"}
{"level":"info","message":"Keepalive ping - Room status:","service":"haxball-tournament","timestamp":"2025-08-22 15:25:15"}
{"level":"info","message":"Keepalive ping - Room status:","service":"haxball-tournament","timestamp":"2025-08-22 15:30:15"}
